2025-01-11 10:44:10,484 - robyn.robyn - INFO - Initialized Robyn in output
2025-01-11 10:44:10,487 - robyn.robyn - INFO - Validating input data
2025-01-11 10:44:10,624 - robyn.robyn - INFO - Data initialization complete
2025-01-11 10:44:10,688 - robyn.robyn - INFO - Performing feature engineering
2025-01-11 10:47:40,392 - robyn.robyn - INFO - Initialized Robyn in output
2025-01-11 10:47:40,392 - robyn.robyn - INFO - Initialized Robyn in output
2025-01-11 10:47:40,412 - robyn.robyn - INFO - Validating input data
2025-01-11 10:47:40,412 - robyn.robyn - INFO - Validating input data
2025-01-11 10:47:40,579 - robyn.robyn - INFO - Data initialization complete
2025-01-11 10:47:40,579 - robyn.robyn - INFO - Data initialization complete
2025-01-11 10:47:40,632 - robyn.robyn - INFO - Performing feature engineering
2025-01-11 10:47:40,632 - robyn.robyn - INFO - Performing feature engineering
2025-01-11 10:47:58,900 - robyn.robyn - INFO - Training models
2025-01-11 10:47:58,900 - robyn.robyn - INFO - Training models
2025-01-11 10:48:15,795 - robyn.robyn - INFO - Initialized Robyn in output
2025-01-11 10:48:15,795 - robyn.robyn - INFO - Initialized Robyn in output
2025-01-11 10:48:15,795 - robyn.robyn - INFO - Initialized Robyn in output
2025-01-11 10:48:15,812 - robyn.robyn - INFO - Validating input data
2025-01-11 10:48:15,812 - robyn.robyn - INFO - Validating input data
2025-01-11 10:48:15,812 - robyn.robyn - INFO - Validating input data
2025-01-11 10:48:15,996 - robyn.robyn - INFO - Data initialization complete
2025-01-11 10:48:15,996 - robyn.robyn - INFO - Data initialization complete
2025-01-11 10:48:15,996 - robyn.robyn - INFO - Data initialization complete
2025-01-11 10:48:16,061 - robyn.robyn - INFO - Performing feature engineering
2025-01-11 10:48:16,061 - robyn.robyn - INFO - Performing feature engineering
2025-01-11 10:48:16,061 - robyn.robyn - INFO - Performing feature engineering
2025-01-11 10:48:28,066 - robyn.robyn - INFO - Training models
2025-01-11 10:48:28,066 - robyn.robyn - INFO - Training models
2025-01-11 10:48:28,066 - robyn.robyn - INFO - Training models
2025-01-11 10:49:36,245 - robyn.robyn - INFO - Training models
2025-01-11 10:49:36,245 - robyn.robyn - INFO - Training models
2025-01-11 10:49:36,245 - robyn.robyn - INFO - Training models
